Mplus VERSION 6
MUTHEN & MUTHEN
05/02/2017   5:55 PM

INPUT INSTRUCTIONS

  Title:   path analysis
  Data: file is C:\2. Teaching\DRTP - Multilevel Modelling\Data\MLM_sem.dat ;
  variable:
  names =  x1 x2 x3 x4 x5 x6 x7 x8 x9 x10 x11 x12 group;

    Cluster = group ;
    usevar  = x1 x2 x3 x4 x5 x6 x7 x8 x9 x10 x11 x12; !variables listed here but not below w
    within  =  ;              ! level 1 variables here
    between = x12 ;         ! level 2 variables here

  analysis:
  type = twolevel random ;
  ALGORITHM=INTEGRATION ; ! numerical integration is needed for this model
  integration = 10 ;
  estimator = ml;
  model:
    %within%
      F1 by x1 x2 x3 x4 ;
      F2 by x5 x6 x7 x8 ;
      F3 by x9 x10 x11  ;

      F2slope | F1 on f2 ;    ! Random slope of f2
      F1 on f3  ;             ! fixed slope of f3

    %between%
      BF1 by x1 x2 x3 x4 ;
      BF2 by x5 x6 x7 x8 ;
      BF3 by x9 x10 x11  ;

      BF1 on BF2 BF3 ;
      F2slope on x12 ;    ! x12 the level 2 variable is predicting the slope variation

  Output: sampstat stand ;

*** WARNING
  Input line exceeded 90 characters. Some input may be truncated.
    usevar  = x1 x2 x3 x4 x5 x6 x7 x8 x9 x10 x11 x12; !variables listed here but not below wi
*** ERROR
  One or more between-level variables have variation within a cluster for
  one or more clusters.  Check your data and format statement.

     Between    Cluster ID with variation in this variable
     Variable     (only one cluster ID will be listed)

      X12        1



MUTHEN & MUTHEN
3463 Stoner Ave.
Los Angeles, CA  90066

Tel: (310) 391-9971
Fax: (310) 391-8971
Web: www.StatModel.com
Support: Support@StatModel.com

Copyright (c) 1998-2010 Muthen & Muthen
