Mplus VERSION 6
MUTHEN & MUTHEN
04/26/2017  11:10 AM

INPUT INSTRUCTIONS

  Title:   Level 1 predictor - random intercept fixed slope
  Data: file is C:\2. Teaching\DRTP - Multilevel Modelling\Data\MLM_Org.csv ;
  variable:
  names =  OrgID EmpID  Sex Edu Mot Perform  PubPri Region Size;

    Cluster = orgid ;
    usevar  = perform Mot;
    within  = Mot;           ! level 1 variables here
    between = ;              ! level 2 variables here

  analysis:
  type = twolevel random;    ! random specified now that slopes are random
  estimator = ml;
  model:
    %within%
      perform ;
      MotSlope | perform on Mot ; ! Mot is level 1 random slope predictor

    %between%
      perform;                  ! no predictors of intercept
      MotSlope with perform  ;    ! covarinace between slope and intercept
           !
  Output: sampstat  ;



INPUT READING TERMINATED NORMALLY



Level 1 predictor - random intercept fixed slope

SUMMARY OF ANALYSIS

Number of groups                                                 1
Number of observations                                         487

Number of dependent variables                                    1
Number of independent variables                                  1
Number of continuous latent variables                            1

Observed dependent variables

  Continuous
   PERFORM

Observed independent variables
   MOT

Continuous latent variables
   MOTSLOPE

Variables with special functions

  Cluster variable      ORGID
  Within variables
   MOT


Estimator                                                       ML
Information matrix                                        OBSERVED
Maximum number of iterations                                   100
Convergence criterion                                    0.100D-05
Maximum number of EM iterations                                500
Convergence criteria for the EM algorithm
  Loglikelihood change                                   0.100D-02
  Relative loglikelihood change                          0.100D-05
  Derivative                                             0.100D-03
Minimum variance                                         0.100D-03
Maximum number of steepest descent iterations                   20
Maximum number of iterations for H1                           2000
Convergence criterion for H1                             0.100D-03
Optimization algorithm                                         EMA

Input data file(s)
  C:\2. Teaching\DRTP-Multilevel Modelling\Data\MLM_Org.csv
Input data format  FREE


SUMMARY OF DATA

     Number of clusters                         23

     Average cluster size       21.174

     Estimated Intraclass Correlations for the Y Variables

                Intraclass              Intraclass
     Variable  Correlation   Variable  Correlation

     PERFORM      0.188



SAMPLE STATISTICS

NOTE:  The sample statistics for within and between refer to the
       maximum-likelihood estimated within and between covariance
       matrices, respectively.


     ESTIMATED SAMPLE STATISTICS FOR WITHIN


           Means
              PERFORM       MOT
              ________      ________
 1              0.000         1.973


           Covariances
              PERFORM       MOT
              ________      ________
 PERFORM       83.300
 MOT            5.377         2.190


           Correlations
              PERFORM       MOT
              ________      ________
 PERFORM        1.000
 MOT            0.398         1.000


     ESTIMATED SAMPLE STATISTICS FOR BETWEEN


           Means
              PERFORM       MOT
              ________      ________
 1             50.873         0.000


           Covariances
              PERFORM       MOT
              ________      ________
 PERFORM       19.235
 MOT            0.000         0.000


           Correlations
              PERFORM       MOT
              ________      ________
 PERFORM        1.000
 MOT            0.000         0.000


THE MODEL ESTIMATION TERMINATED NORMALLY



TESTS OF MODEL FIT

Loglikelihood

          H0 Value                       -1698.554

Information Criteria

          Number of Free Parameters              6
          Akaike (AIC)                    3409.109
          Bayesian (BIC)                  3434.238
          Sample-Size Adjusted BIC        3415.194
            (n* = (n + 2) / 24)



MODEL RESULTS

                                                    Two-Tailed
                    Estimate       S.E.  Est./S.E.    P-Value

Within Level

 Residual Variances
    PERFORM           50.885      3.425     14.856      0.000

Between Level

 MOTSLOPE WITH
    PERFORM          -26.684      9.909     -2.693      0.007

 Means
    PERFORM           46.022      1.719     26.780      0.000
    MOTSLOPE           2.011      0.914      2.200      0.028

 Variances
    PERFORM           58.972     19.797      2.979      0.003
    MOTSLOPE          17.089      5.888      2.902      0.004


QUALITY OF NUMERICAL RESULTS

     Condition Number for the Information Matrix              0.308E-03
       (ratio of smallest to largest eigenvalue)


     Beginning Time:  11:10:09
        Ending Time:  11:10:09
       Elapsed Time:  00:00:00



MUTHEN & MUTHEN
3463 Stoner Ave.
Los Angeles, CA  90066

Tel: (310) 391-9971
Fax: (310) 391-8971
Web: www.StatModel.com
Support: Support@StatModel.com

Copyright (c) 1998-2010 Muthen & Muthen
