Mplus VERSION 6
MUTHEN & MUTHEN
04/26/2017  12:24 PM

INPUT INSTRUCTIONS

  Title:   Level 1 predictor - random intercept fixed slope
  Data: file is C:\2. Teaching\DRTP - Multilevel Modelling\Data\MLM_Org.csv ;
  variable:
  names =  OrgID EmpID  Sex Edu Mot Perform  PubPri Region Size;

    Cluster = orgid ;
    usevar  = perform size mot;
    within  = mot ;              ! level 1 variables here
    between = Size ;         ! level 2 variables here

  analysis:
  type = twolevel random;    ! random specified now that slopes are random
  estimator = ml;
  model:
    %within%
      perform ;                 ! No fixed level 1 predictor
      MotSlope | perform on mot ;! Mot random slope predictor
    %between%
      perform on size;                 ! No Level 2 predictor of intercept
      Motslope on size ;        ! Level 2 predictor of slope
      MotSlope with perform  ;  ! covarinace between slope and intercept
  Output: sampstat  ;



INPUT READING TERMINATED NORMALLY



Level 1 predictor - random intercept fixed slope

SUMMARY OF ANALYSIS

Number of groups                                                 1
Number of observations                                         487

Number of dependent variables                                    1
Number of independent variables                                  2
Number of continuous latent variables                            1

Observed dependent variables

  Continuous
   PERFORM

Observed independent variables
   SIZE        MOT

Continuous latent variables
   MOTSLOPE

Variables with special functions

  Cluster variable      ORGID
  Within variables
   MOT

  Between variables
   SIZE


Estimator                                                       ML
Information matrix                                        OBSERVED
Maximum number of iterations                                   100
Convergence criterion                                    0.100D-05
Maximum number of EM iterations                                500
Convergence criteria for the EM algorithm
  Loglikelihood change                                   0.100D-02
  Relative loglikelihood change                          0.100D-05
  Derivative                                             0.100D-03
Minimum variance                                         0.100D-03
Maximum number of steepest descent iterations                   20
Maximum number of iterations for H1                           2000
Convergence criterion for H1                             0.100D-03
Optimization algorithm                                         EMA

Input data file(s)
  C:\2. Teaching\DRTP-Multilevel Modelling\Data\MLM_Org.csv
Input data format  FREE


SUMMARY OF DATA

     Number of clusters                         23

     Average cluster size       21.174

     Estimated Intraclass Correlations for the Y Variables

                Intraclass              Intraclass
     Variable  Correlation   Variable  Correlation

     PERFORM      0.186



SAMPLE STATISTICS

NOTE:  The sample statistics for within and between refer to the
       maximum-likelihood estimated within and between covariance
       matrices, respectively.


     ESTIMATED SAMPLE STATISTICS FOR WITHIN


           Means
              PERFORM       MOT           SIZE
              ________      ________      ________
 1              0.000         1.973         0.000


           Covariances
              PERFORM       MOT           SIZE
              ________      ________      ________
 PERFORM       83.306
 MOT            5.373         2.190
 SIZE           0.000         0.000         0.000


           Correlations
              PERFORM       MOT           SIZE
              ________      ________      ________
 PERFORM        1.000
 MOT            0.398         1.000
 SIZE           0.000         0.000         0.000


     ESTIMATED SAMPLE STATISTICS FOR BETWEEN


           Means
              PERFORM       MOT           SIZE
              ________      ________      ________
 1             50.856         0.000         3.130


           Covariances
              PERFORM       MOT           SIZE
              ________      ________      ________
 PERFORM       19.071
 MOT            0.000         0.000
 SIZE           0.843         0.000         2.548


           Correlations
              PERFORM       MOT           SIZE
              ________      ________      ________
 PERFORM        1.000
 MOT            0.000         0.000
 SIZE           0.121         0.000         1.000


THE MODEL ESTIMATION TERMINATED NORMALLY



TESTS OF MODEL FIT

Loglikelihood

          H0 Value                       -1696.787

Information Criteria

          Number of Free Parameters              8
          Akaike (AIC)                    3409.574
          Bayesian (BIC)                  3443.081
          Sample-Size Adjusted BIC        3417.689
            (n* = (n + 2) / 24)



MODEL RESULTS

                                                    Two-Tailed
                    Estimate       S.E.  Est./S.E.    P-Value

Within Level

 Residual Variances
    PERFORM           50.897      3.427     14.852      0.000

Between Level

 MOTSLOPE   ON
    SIZE               0.962      0.536      1.794      0.073

 PERFORM    ON
    SIZE              -1.121      1.059     -1.059      0.290

 MOTSLOPE WITH
    PERFORM          -23.921      9.050     -2.643      0.008

 Intercepts
    PERFORM           49.534      3.737     13.256      0.000
    MOTSLOPE          -1.017      1.901     -0.535      0.593

 Residual Variances
    PERFORM           55.702     18.838      2.957      0.003
    MOTSLOPE          14.706      5.167      2.846      0.004


QUALITY OF NUMERICAL RESULTS

     Condition Number for the Information Matrix              0.204E-03
       (ratio of smallest to largest eigenvalue)


     Beginning Time:  12:24:03
        Ending Time:  12:24:03
       Elapsed Time:  00:00:00



MUTHEN & MUTHEN
3463 Stoner Ave.
Los Angeles, CA  90066

Tel: (310) 391-9971
Fax: (310) 391-8971
Web: www.StatModel.com
Support: Support@StatModel.com

Copyright (c) 1998-2010 Muthen & Muthen
