Mplus VERSION 6
MUTHEN & MUTHEN
04/25/2017  11:51 PM

INPUT INSTRUCTIONS

  Title:   Level 1 predictor - random intercept fixed slope
  Data: file is C:\2. Teaching\DRTP - Multilevel Modelling\Data\MLM_Org.csv ;
  variable:
  names =  OrgID EmpID  Sex Edu Mot Perform  PubPri Region Size;

    Cluster = orgid ;
    usevar  = perform Mot;
    within  = Mot;       ! level 1 variables here
    between = ;       ! level 2 variables here

  analysis:
  type = twolevel ;
  estimator = ml;
  model:
    %within%
      perform on Mot;      ! Mot is level 1 fixed slope predictor
                           ! of perform which has random intercept

    %between%
      perform;      ! no predictors of intercept

  Output: sampstat stdyx ;



INPUT READING TERMINATED NORMALLY



Level 1 predictor - random intercept fixed slope

SUMMARY OF ANALYSIS

Number of groups                                                 1
Number of observations                                         487

Number of dependent variables                                    1
Number of independent variables                                  1
Number of continuous latent variables                            0

Observed dependent variables

  Continuous
   PERFORM

Observed independent variables
   MOT

Variables with special functions

  Cluster variable      ORGID
  Within variables
   MOT


Estimator                                                       ML
Information matrix                                        OBSERVED
Maximum number of iterations                                   100
Convergence criterion                                    0.100D-05
Maximum number of EM iterations                                500
Convergence criteria for the EM algorithm
  Loglikelihood change                                   0.100D-02
  Relative loglikelihood change                          0.100D-05
  Derivative                                             0.100D-03
Minimum variance                                         0.100D-03
Maximum number of steepest descent iterations                   20
Maximum number of iterations for H1                           2000
Convergence criterion for H1                             0.100D-03
Optimization algorithm                                         EMA

Input data file(s)
  C:\2. Teaching\DRTP-Multilevel Modelling\Data\MLM_Org.csv
Input data format  FREE


SUMMARY OF DATA

     Number of clusters                         23

     Average cluster size       21.174

     Estimated Intraclass Correlations for the Y Variables

                Intraclass
     Variable  Correlation

     PERFORM      0.188



SAMPLE STATISTICS

NOTE:  The sample statistics for within and between refer to the
       maximum-likelihood estimated within and between covariance
       matrices, respectively.


     ESTIMATED SAMPLE STATISTICS FOR WITHIN


           Means
              PERFORM       MOT
              ________      ________
 1              0.000         1.973


           Covariances
              PERFORM       MOT
              ________      ________
 PERFORM       83.300
 MOT            5.377         2.190


           Correlations
              PERFORM       MOT
              ________      ________
 PERFORM        1.000
 MOT            0.398         1.000


     ESTIMATED SAMPLE STATISTICS FOR BETWEEN


           Means
              PERFORM       MOT
              ________      ________
 1             50.873         0.000


           Covariances
              PERFORM       MOT
              ________      ________
 PERFORM       19.235
 MOT            0.000         0.000


           Correlations
              PERFORM       MOT
              ________      ________
 PERFORM        1.000
 MOT            0.000         0.000


THE MODEL ESTIMATION TERMINATED NORMALLY



TESTS OF MODEL FIT

Chi-Square Test of Model Fit

          Value                              0.000
          Degrees of Freedom                     0
          P-Value                           0.0000

Chi-Square Test of Model Fit for the Baseline Model

          Value                             67.894
          Degrees of Freedom                     1
          P-Value                           0.0000

CFI/TLI

          CFI                                1.000
          TLI                                1.000

Loglikelihood

          H0 Value                       -1747.098
          H1 Value                       -1747.098

Information Criteria

          Number of Free Parameters              4
          Akaike (AIC)                    3502.195
          Bayesian (BIC)                  3518.948
          Sample-Size Adjusted BIC        3506.253
            (n* = (n + 2) / 24)

RMSEA (Root Mean Square Error Of Approximation)

          Estimate                           0.000

SRMR (Standardized Root Mean Square Residual)

          Value for Within                   0.000
          Value for Between                  0.000



MODEL RESULTS

                                                    Two-Tailed
                    Estimate       S.E.  Est./S.E.    P-Value

Within Level

 PERFORM    ON
    MOT                2.451      0.288      8.514      0.000

 Residual Variances
    PERFORM           70.097      4.601     15.236      0.000

Between Level

 Means
    PERFORM           46.039      1.139     40.424      0.000

 Variances
    PERFORM           19.235      6.798      2.829      0.005


STANDARDIZED MODEL RESULTS


STDYX Standardization

                                                    Two-Tailed
                    Estimate       S.E.  Est./S.E.    P-Value

Within Level

 PERFORM    ON
    MOT                0.398      0.042      9.442      0.000

 Residual Variances
    PERFORM            0.842      0.033     25.149      0.000

Between Level

 Means
    PERFORM           10.497      1.862      5.639      0.000

 Variances
    PERFORM            1.000      0.000    999.000    999.000


R-SQUARE

Within Level

    Observed                                        Two-Tailed
    Variable        Estimate       S.E.  Est./S.E.    P-Value

    PERFORM            0.158      0.033      4.721      0.000

Between Level


QUALITY OF NUMERICAL RESULTS

     Condition Number for the Information Matrix              0.210E-02
       (ratio of smallest to largest eigenvalue)


     Beginning Time:  23:51:02
        Ending Time:  23:51:02
       Elapsed Time:  00:00:00



MUTHEN & MUTHEN
3463 Stoner Ave.
Los Angeles, CA  90066

Tel: (310) 391-9971
Fax: (310) 391-8971
Web: www.StatModel.com
Support: Support@StatModel.com

Copyright (c) 1998-2010 Muthen & Muthen
