Mplus VERSION 6
MUTHEN & MUTHEN
05/02/2017   5:34 PM

INPUT INSTRUCTIONS

  Title:   path analysis
  Data: file is C:\2. Teaching\DRTP - Multilevel Modelling\Data\MLM_Org.csv ;
  variable:
  names =  OrgID EmpID  Sex Edu Mot Perform  PubPri Region Size;

    Cluster = orgid ;
    usevar  = perform size mot edu;
    within  = edu ;              ! level 1 variables here
    between = Size ;         ! level 2 variables here

  analysis:
  type = twolevel ;    !
  estimator = ml;
  model:
    %within%
      perform on mot ;           !
      Mot on edu;
    %between%
      perform on size;                 !
      mot on size ;

  model indirect: perform ind mot edu ;

  Output: sampstat  ;



INPUT READING TERMINATED NORMALLY



path analysis

SUMMARY OF ANALYSIS

Number of groups                                                 1
Number of observations                                         487

Number of dependent variables                                    2
Number of independent variables                                  2
Number of continuous latent variables                            0

Observed dependent variables

  Continuous
   PERFORM     MOT

Observed independent variables
   SIZE        EDU

Variables with special functions

  Cluster variable      ORGID
  Within variables
   EDU

  Between variables
   SIZE


Estimator                                                       ML
Information matrix                                        OBSERVED
Maximum number of iterations                                   100
Convergence criterion                                    0.100D-05
Maximum number of EM iterations                                500
Convergence criteria for the EM algorithm
  Loglikelihood change                                   0.100D-02
  Relative loglikelihood change                          0.100D-05
  Derivative                                             0.100D-03
Minimum variance                                         0.100D-03
Maximum number of steepest descent iterations                   20
Maximum number of iterations for H1                           2000
Convergence criterion for H1                             0.100D-03
Optimization algorithm                                         EMA

Input data file(s)
  C:\2. Teaching\DRTP-Multilevel Modelling\Data\MLM_Org.csv
Input data format  FREE


SUMMARY OF DATA

     Number of clusters                         23

     Average cluster size       21.174

     Estimated Intraclass Correlations for the Y Variables

                Intraclass              Intraclass
     Variable  Correlation   Variable  Correlation

     PERFORM      0.120      MOT          0.111



SAMPLE STATISTICS

NOTE:  The sample statistics for within and between refer to the
       maximum-likelihood estimated within and between covariance
       matrices, respectively.


     ESTIMATED SAMPLE STATISTICS FOR WITHIN


           Means
              PERFORM       MOT           EDU           SIZE
              ________      ________      ________      ________
 1              0.000         0.000         3.205         0.000


           Covariances
              PERFORM       MOT           EDU           SIZE
              ________      ________      ________      ________
 PERFORM       90.086
 MOT            4.935         1.814
 EDU            6.096         0.362         2.003
 SIZE           0.000         0.000         0.000         0.000


           Correlations
              PERFORM       MOT           EDU           SIZE
              ________      ________      ________      ________
 PERFORM        1.000
 MOT            0.386         1.000
 EDU            0.454         0.190         1.000
 SIZE           0.000         0.000         0.000         0.000


     ESTIMATED SAMPLE STATISTICS FOR BETWEEN


           Means
              PERFORM       MOT           EDU           SIZE
              ________      ________      ________      ________
 1             50.809         1.881         0.000         3.130


           Covariances
              PERFORM       MOT           EDU           SIZE
              ________      ________      ________      ________
 PERFORM       12.322
 MOT            0.344         0.225
 EDU            0.000         0.000         0.000
 SIZE           1.776         0.139         0.000         2.548


           Correlations
              PERFORM       MOT           EDU           SIZE
              ________      ________      ________      ________
 PERFORM        1.000
 MOT            0.206         1.000
 EDU            0.000         0.000         0.000
 SIZE           0.317         0.183         0.000         1.000


THE MODEL ESTIMATION TERMINATED NORMALLY



TESTS OF MODEL FIT

Chi-Square Test of Model Fit

          Value                             59.095
          Degrees of Freedom                     1
          P-Value                           0.0000

Chi-Square Test of Model Fit for the Baseline Model

          Value                            137.994
          Degrees of Freedom                     6
          P-Value                           0.0000

CFI/TLI

          CFI                                0.560
          TLI                               -1.641

Loglikelihood

          H0 Value                       -2588.193
          H1 Value                       -2558.645

Information Criteria

          Number of Free Parameters             11
          Akaike (AIC)                    5198.386
          Bayesian (BIC)                  5244.456
          Sample-Size Adjusted BIC        5209.543
            (n* = (n + 2) / 24)

RMSEA (Root Mean Square Error Of Approximation)

          Estimate                           0.345

SRMR (Standardized Root Mean Square Residual)

          Value for Within                   0.123
          Value for Between                  0.071



MODEL RESULTS

                                                    Two-Tailed
                    Estimate       S.E.  Est./S.E.    P-Value

Within Level

 PERFORM    ON
    MOT                2.433      0.293      8.315      0.000

 MOT        ON
    EDU                0.174      0.056      3.105      0.002

 Residual Variances
    PERFORM           70.150      4.608     15.223      0.000
    MOT                1.750      0.115     15.225      0.000

Between Level

 PERFORM    ON
    SIZE               0.458      0.671      0.683      0.495

 MOT        ON
    SIZE               0.050      0.075      0.673      0.501

 MOT      WITH
    PERFORM            0.733      0.617      1.188      0.235

 Intercepts
    PERFORM           47.838      2.427     19.711      0.000
    MOT                1.168      0.325      3.590      0.000

 Residual Variances
    PERFORM           20.937      7.366      2.842      0.004
    MOT                0.212      0.091      2.336      0.019


QUALITY OF NUMERICAL RESULTS

     Condition Number for the Information Matrix              0.794E-04
       (ratio of smallest to largest eigenvalue)


TOTAL, TOTAL INDIRECT, SPECIFIC INDIRECT, AND DIRECT EFFECTS


                                                    Two-Tailed
                    Estimate       S.E.  Est./S.E.    P-Value

WITHIN

Effects from EDU to PERFORM

  Sum of indirect      0.423      0.147      2.871      0.004

  Specific indirect

    PERFORM
    MOT
    EDU                0.423      0.147      2.871      0.004


BETWEEN

Effects from EDU to PERFORM

  Sum of indirect      0.000      0.000    999.000      0.000

  Specific indirect

    PERFORM
    MOT
    EDU                0.000      0.000    999.000      0.000



     Beginning Time:  17:34:49
        Ending Time:  17:34:50
       Elapsed Time:  00:00:01



MUTHEN & MUTHEN
3463 Stoner Ave.
Los Angeles, CA  90066

Tel: (310) 391-9971
Fax: (310) 391-8971
Web: www.StatModel.com
Support: Support@StatModel.com

Copyright (c) 1998-2010 Muthen & Muthen
