Mplus VERSION 6
MUTHEN & MUTHEN
04/26/2017  11:31 AM

INPUT INSTRUCTIONS

  Title:   Level 1 predictor - random intercept fixed slope
  Data: file is C:\2. Teaching\DRTP - Multilevel Modelling\Data\MLM_Org.csv ;
  variable:
  names =  OrgID EmpID  Sex Edu Mot Perform  PubPri Region Size;

    Cluster = orgid ;
    usevar  = perform size;
    within  = ;              ! level 1 variables here
    between = Size ;         ! level 2 variables here

  analysis:
  type = twolevel random;    ! random specified now that slopes are random
  estimator = ml;
  model:
    %within%
      perform ;               ! No level 1 predictor

    %between%
      perform on size;        ! Level 2 predictor of intercept

  Output: sampstat  ;



INPUT READING TERMINATED NORMALLY



Level 1 predictor - random intercept fixed slope

SUMMARY OF ANALYSIS

Number of groups                                                 1
Number of observations                                         487

Number of dependent variables                                    1
Number of independent variables                                  1
Number of continuous latent variables                            0

Observed dependent variables

  Continuous
   PERFORM

Observed independent variables
   SIZE

Variables with special functions

  Cluster variable      ORGID
  Between variables
   SIZE


Estimator                                                       ML
Information matrix                                        OBSERVED
Maximum number of iterations                                   100
Convergence criterion                                    0.100D-05
Maximum number of EM iterations                                500
Convergence criteria for the EM algorithm
  Loglikelihood change                                   0.100D-02
  Relative loglikelihood change                          0.100D-05
  Derivative                                             0.100D-03
Minimum variance                                         0.100D-03
Maximum number of steepest descent iterations                   20
Maximum number of iterations for H1                           2000
Convergence criterion for H1                             0.100D-03
Optimization algorithm                                         EMA

Input data file(s)
  C:\2. Teaching\DRTP-Multilevel Modelling\Data\MLM_Org.csv
Input data format  FREE


SUMMARY OF DATA

     Number of clusters                         23

     Average cluster size       21.174

     Estimated Intraclass Correlations for the Y Variables

                Intraclass
     Variable  Correlation

     PERFORM      0.228



SAMPLE STATISTICS

NOTE:  The sample statistics for within and between refer to the
       maximum-likelihood estimated within and between covariance
       matrices, respectively.


     ESTIMATED SAMPLE STATISTICS FOR WITHIN


           Means
              PERFORM       SIZE
              ________      ________
 1              0.000         0.000


           Covariances
              PERFORM       SIZE
              ________      ________
 PERFORM       80.361
 SIZE           0.000         0.000


           Correlations
              PERFORM       SIZE
              ________      ________
 PERFORM        1.000
 SIZE           0.000         0.000


     ESTIMATED SAMPLE STATISTICS FOR BETWEEN


           Means
              PERFORM       SIZE
              ________      ________
 1             50.590         3.130


           Covariances
              PERFORM       SIZE
              ________      ________
 PERFORM       23.675
 SIZE           1.086         2.548


           Correlations
              PERFORM       SIZE
              ________      ________
 PERFORM        1.000
 SIZE           0.140         1.000


THE MODEL ESTIMATION TERMINATED NORMALLY



TESTS OF MODEL FIT

Chi-Square Test of Model Fit

          Value                              0.000
          Degrees of Freedom                     0
          P-Value                           0.0000

Chi-Square Test of Model Fit for the Baseline Model

          Value                              0.367
          Degrees of Freedom                     1
          P-Value                           0.5448

CFI/TLI

          CFI                                0.000
          TLI                                1.000

Loglikelihood

          H0 Value                       -1780.861
          H1 Value                       -1780.861

Information Criteria

          Number of Free Parameters              4
          Akaike (AIC)                    3569.723
          Bayesian (BIC)                  3586.476
          Sample-Size Adjusted BIC        3573.780
            (n* = (n + 2) / 24)

RMSEA (Root Mean Square Error Of Approximation)

          Estimate                           0.000

SRMR (Standardized Root Mean Square Residual)

          Value for Within                   0.000
          Value for Between                  0.001



MODEL RESULTS

                                                    Two-Tailed
                    Estimate       S.E.  Est./S.E.    P-Value

Within Level

 Variances
    PERFORM           80.355      5.269     15.249      0.000

Between Level

 PERFORM    ON
    SIZE               0.424      0.700      0.605      0.545

 Intercepts
    PERFORM           49.267      2.480     19.864      0.000

 Residual Variances
    PERFORM           23.289      8.044      2.895      0.004


QUALITY OF NUMERICAL RESULTS

     Condition Number for the Information Matrix              0.125E-02
       (ratio of smallest to largest eigenvalue)


     Beginning Time:  11:31:07
        Ending Time:  11:31:07
       Elapsed Time:  00:00:00



MUTHEN & MUTHEN
3463 Stoner Ave.
Los Angeles, CA  90066

Tel: (310) 391-9971
Fax: (310) 391-8971
Web: www.StatModel.com
Support: Support@StatModel.com

Copyright (c) 1998-2010 Muthen & Muthen
