Mplus VERSION 6
MUTHEN & MUTHEN
04/25/2017  11:33 PM

INPUT INSTRUCTIONS

  Title:   Null Model
  Data: file is C:\2. Teaching\DRTP - Multilevel Modelling\Data\MLM_Org.csv ;
  variable:
  names =  OrgID EmpID  Sex Edu Mot Perform  PubPri Region Size;

    Cluster = orgid ;
    usevar  = perform ;
    within  = ;       ! level 1 variables here
    between = ;       ! level 2 variables here

  analysis:
  type = twolevel ;
    estimator = ml;
  model:
    %within%
      perform;      ! no fixed or random level 1 predictors

    %between%
      perform;      ! no predictors of intercept

  Output: sampstat  ;



*** WARNING in MODEL command
  Variable is uncorrelated with all other variables: PERFORM
*** WARNING in MODEL command
  At least one variable is uncorrelated with all other variables in the model.
  Check that this is what is intended.
   2 WARNING(S) FOUND IN THE INPUT INSTRUCTIONS



Null Model

SUMMARY OF ANALYSIS

Number of groups                                                 1
Number of observations                                         487

Number of dependent variables                                    1
Number of independent variables                                  0
Number of continuous latent variables                            0

Observed dependent variables

  Continuous
   PERFORM

Variables with special functions

  Cluster variable      ORGID

Estimator                                                       ML
Information matrix                                        OBSERVED
Maximum number of iterations                                   100
Convergence criterion                                    0.100D-05
Maximum number of EM iterations                                500
Convergence criteria for the EM algorithm
  Loglikelihood change                                   0.100D-02
  Relative loglikelihood change                          0.100D-05
  Derivative                                             0.100D-03
Minimum variance                                         0.100D-03
Maximum number of steepest descent iterations                   20
Maximum number of iterations for H1                           2000
Convergence criterion for H1                             0.100D-03
Optimization algorithm                                         EMA

Input data file(s)
  C:\2. Teaching\DRTP-Multilevel Modelling\Data\MLM_Org.csv
Input data format  FREE


SUMMARY OF DATA

     Number of clusters                         23

     Average cluster size       21.174

     Estimated Intraclass Correlations for the Y Variables

                Intraclass
     Variable  Correlation

     PERFORM      0.229



SAMPLE STATISTICS

NOTE:  The sample statistics for within and between refer to the
       maximum-likelihood estimated within and between covariance
       matrices, respectively.


     ESTIMATED SAMPLE STATISTICS FOR WITHIN


           Means
              PERFORM
              ________
 1              0.000


           Covariances
              PERFORM
              ________
 PERFORM       80.337


           Correlations
              PERFORM
              ________
 PERFORM        1.000


     ESTIMATED SAMPLE STATISTICS FOR BETWEEN


           Means
              PERFORM
              ________
 1             50.610


           Covariances
              PERFORM
              ________
 PERFORM       23.829


           Correlations
              PERFORM
              ________
 PERFORM        1.000


THE MODEL ESTIMATION TERMINATED NORMALLY



TESTS OF MODEL FIT

Chi-Square Test of Model Fit

          Value                              0.000
          Degrees of Freedom                     0
          P-Value                           0.0000

Chi-Square Test of Model Fit for the Baseline Model

          Value                              0.000
          Degrees of Freedom                     0
          P-Value                           1.0000

CFI/TLI

          CFI                                0.000
          TLI                                1.000

Loglikelihood

          H0 Value                       -1781.045
          H1 Value                       -1781.045

Information Criteria

          Number of Free Parameters              3
          Akaike (AIC)                    3568.089
          Bayesian (BIC)                  3580.654
          Sample-Size Adjusted BIC        3571.132
            (n* = (n + 2) / 24)

RMSEA (Root Mean Square Error Of Approximation)

          Estimate                           0.000

SRMR (Standardized Root Mean Square Residual)

          Value for Within                   0.000
          Value for Between                  0.000



MODEL RESULTS

                                                    Two-Tailed
                    Estimate       S.E.  Est./S.E.    P-Value

Within Level

 Variances
    PERFORM           80.333      5.267     15.252      0.000

Between Level

 Means
    PERFORM           50.612      1.111     45.543      0.000

 Variances
    PERFORM           23.885      8.170      2.924      0.003


QUALITY OF NUMERICAL RESULTS

     Condition Number for the Information Matrix              0.169E-02
       (ratio of smallest to largest eigenvalue)


     Beginning Time:  23:33:04
        Ending Time:  23:33:05
       Elapsed Time:  00:00:01



MUTHEN & MUTHEN
3463 Stoner Ave.
Los Angeles, CA  90066

Tel: (310) 391-9971
Fax: (310) 391-8971
Web: www.StatModel.com
Support: Support@StatModel.com

Copyright (c) 1998-2010 Muthen & Muthen
