Mplus VERSION 6
MUTHEN & MUTHEN
05/02/2017   5:41 PM

INPUT INSTRUCTIONS

  Title:   path analysis
  Data: file is C:\2. Teaching\DRTP - Multilevel Modelling\Data\MLM_sem.dat ;
  variable:
  names =  x1 x2 x3 x4 x5 x6 x7 x8 x9 x10 x11 x12 group;

    Cluster = group ;
    usevar  = x1 x2 x3 x4 x5 x6 x7 x8 x9 x10 x11 x12; !variables listed here but not below w
    within  =  ;              ! level 1 variables here
    between =  ;         ! level 2 variables here

  analysis:
  type = twolevel ;
  estimator = ml;
  model:
    %within%
      F1 by x1 x2 x3 x4 ;
      F2 by x5 x6 x7 x8 ;
      F3 by x9 x10 x11 x12 ;
    %between%
      BF1 by x1 x2 x3 x4 ;
      BF2 by x5 x6 x7 x8 ;
      BF3 by x9 x10 x11 x12 ;


  Output: sampstat stand ;



*** WARNING
  Input line exceeded 90 characters. Some input may be truncated.
    usevar  = x1 x2 x3 x4 x5 x6 x7 x8 x9 x10 x11 x12; !variables listed here but not below wi
   1 WARNING(S) FOUND IN THE INPUT INSTRUCTIONS



path analysis

SUMMARY OF ANALYSIS

Number of groups                                                 1
Number of observations                                        2000

Number of dependent variables                                   12
Number of independent variables                                  0
Number of continuous latent variables                            6

Observed dependent variables

  Continuous
   X1          X2          X3          X4          X5          X6
   X7          X8          X9          X10         X11         X12

Continuous latent variables
   F1          F2          F3          BF1         BF2         BF3

Variables with special functions

  Cluster variable      GROUP

Estimator                                                       ML
Information matrix                                        OBSERVED
Maximum number of iterations                                   100
Convergence criterion                                    0.100D-05
Maximum number of EM iterations                                500
Convergence criteria for the EM algorithm
  Loglikelihood change                                   0.100D-02
  Relative loglikelihood change                          0.100D-05
  Derivative                                             0.100D-03
Minimum variance                                         0.100D-03
Maximum number of steepest descent iterations                   20
Maximum number of iterations for H1                           2000
Convergence criterion for H1                             0.100D-03
Optimization algorithm                                         EMA

Input data file(s)
  C:\2. Teaching\DRTP-Multilevel Modelling\Data\MLM_sem.dat
Input data format  FREE


SUMMARY OF DATA

     Number of clusters                         60

     Average cluster size       33.333

     Estimated Intraclass Correlations for the Y Variables

                Intraclass              Intraclass              Intraclass
     Variable  Correlation   Variable  Correlation   Variable  Correlation

     X1           0.150      X2           0.165      X3           0.151
     X4           0.162      X5           0.223      X6           0.142
     X7           0.147      X8           0.151      X9           0.197
     X10          0.079      X11          0.034      X12          0.158



SAMPLE STATISTICS

NOTE:  The sample statistics for within and between refer to the
       maximum-likelihood estimated within and between covariance
       matrices, respectively.


     ESTIMATED SAMPLE STATISTICS FOR WITHIN


           Means
              X1            X2            X3            X4            X5
              ________      ________      ________      ________      ________
 1              0.000         0.000         0.000         0.000         0.000


           Means
              X6            X7            X8            X9            X10
              ________      ________      ________      ________      ________
 1              0.000         0.000         0.000         0.000         0.000


           Means
              X11           X12
              ________      ________
 1              0.000         0.000


           Covariances
              X1            X2            X3            X4            X5
              ________      ________      ________      ________      ________
 X1             2.033
 X2             1.059         2.019
 X3             0.989         0.970         1.937
 X4             1.051         1.026         1.001         2.011
 X5             0.629         0.565         0.605         0.620         1.942
 X6             0.433         0.441         0.403         0.420         0.684
 X7             0.402         0.350         0.414         0.384         0.613
 X8             0.454         0.421         0.406         0.385         0.622
 X9             0.261         0.221         0.203         0.222         0.474
 X10            0.039         0.090         0.018         0.052         0.155
 X11            0.077         0.087         0.042         0.077         0.180
 X12            0.147         0.158         0.110         0.152         0.227


           Covariances
              X6            X7            X8            X9            X10
              ________      ________      ________      ________      ________
 X6             1.534
 X7             0.433         1.417
 X8             0.450         0.415         1.435
 X9             0.347         0.331         0.345         1.906
 X10            0.126         0.139         0.125         0.359         1.097
 X11            0.186         0.101         0.123         0.288         0.092
 X12            0.203         0.186         0.212         0.490         0.191


           Covariances
              X11           X12
              ________      ________
 X11            1.092
 X12            0.136         1.227


           Correlations
              X1            X2            X3            X4            X5
              ________      ________      ________      ________      ________
 X1             1.000
 X2             0.523         1.000
 X3             0.498         0.490         1.000
 X4             0.520         0.509         0.507         1.000
 X5             0.317         0.285         0.312         0.313         1.000
 X6             0.245         0.251         0.234         0.239         0.397
 X7             0.237         0.207         0.250         0.227         0.370
 X8             0.266         0.247         0.243         0.227         0.373
 X9             0.133         0.113         0.105         0.113         0.246
 X10            0.026         0.060         0.012         0.035         0.106
 X11            0.051         0.059         0.029         0.052         0.123
 X12            0.093         0.100         0.072         0.097         0.147


           Correlations
              X6            X7            X8            X9            X10
              ________      ________      ________      ________      ________
 X6             1.000
 X7             0.294         1.000
 X8             0.303         0.291         1.000
 X9             0.203         0.202         0.209         1.000
 X10            0.097         0.111         0.100         0.248         1.000
 X11            0.143         0.081         0.098         0.200         0.084
 X12            0.148         0.141         0.159         0.321         0.165


           Correlations
              X11           X12
              ________      ________
 X11            1.000
 X12            0.117         1.000


     ESTIMATED SAMPLE STATISTICS FOR BETWEEN


           Means
              X1            X2            X3            X4            X5
              ________      ________      ________      ________      ________
 1              0.120         0.114         0.149         0.114        -0.030


           Means
              X6            X7            X8            X9            X10
              ________      ________      ________      ________      ________
 1             -0.015        -0.025        -0.003         0.022         0.027


           Means
              X11           X12
              ________      ________
 1              0.000         0.059


           Covariances
              X1            X2            X3            X4            X5
              ________      ________      ________      ________      ________
 X1             0.359
 X2             0.377         0.400
 X3             0.348         0.366         0.346
 X4             0.371         0.391         0.362         0.389
 X5             0.204         0.227         0.162         0.224         0.558
 X6             0.136         0.151         0.106         0.150         0.374
 X7             0.148         0.164         0.123         0.160         0.355
 X8             0.127         0.141         0.102         0.144         0.374
 X9             0.333         0.343         0.298         0.334         0.342
 X10            0.138         0.140         0.120         0.137         0.136
 X11            0.067         0.067         0.058         0.062         0.057
 X12            0.233         0.241         0.204         0.231         0.235


           Covariances
              X6            X7            X8            X9            X10
              ________      ________      ________      ________      ________
 X6             0.254
 X7             0.241         0.245
 X8             0.252         0.239         0.255
 X9             0.224         0.229         0.214         0.467
 X10            0.089         0.081         0.083         0.202         0.095
 X11            0.034         0.036         0.031         0.118         0.054
 X12            0.158         0.161         0.144         0.320         0.139


           Covariances
              X11           X12
              ________      ________
 X11            0.038
 X12            0.079         0.230


           Correlations
              X1            X2            X3            X4            X5
              ________      ________      ________      ________      ________
 X1             1.000
 X2             0.994         1.000
 X3             0.988         0.984         1.000
 X4             0.994         0.991         0.988         1.000
 X5             0.456         0.481         0.369         0.481         1.000
 X6             0.452         0.473         0.359         0.479         0.993
 X7             0.500         0.523         0.424         0.519         0.962
 X8             0.421         0.442         0.342         0.457         0.991
 X9             0.815         0.793         0.743         0.784         0.670
 X10            0.748         0.717         0.662         0.712         0.592
 X11            0.569         0.541         0.499         0.504         0.387
 X12            0.811         0.793         0.722         0.772         0.657


           Correlations
              X6            X7            X8            X9            X10
              ________      ________      ________      ________      ________
 X6             1.000
 X7             0.965         1.000
 X8             0.990         0.955         1.000
 X9             0.651         0.678         0.620         1.000
 X10            0.572         0.535         0.536         0.959         1.000
 X11            0.342         0.374         0.308         0.880         0.896
 X12            0.655         0.677         0.595         0.975         0.940


           Correlations
              X11           X12
              ________      ________
 X11            1.000
 X12            0.843         1.000

     THE STANDARD ERRORS OF THE MODEL PARAMETER ESTIMATES MAY NOT BE
     TRUSTWORTHY FOR SOME PARAMETERS DUE TO A NON-POSITIVE DEFINITE
     FIRST-ORDER DERIVATIVE PRODUCT MATRIX.  THIS MAY BE DUE TO THE STARTING
     VALUES BUT MAY ALSO BE AN INDICATION OF MODEL NONIDENTIFICATION.  THE
     CONDITION NUMBER IS      -0.452D-17.  PROBLEM INVOLVING PARAMETER 61.

     THE NONIDENTIFICATION IS MOST LIKELY DUE TO HAVING MORE PARAMETERS THAN THE
     NUMBER OF CLUSTERS. REDUCE THE NUMBER OF PARAMETERS.


THE MODEL ESTIMATION TERMINATED NORMALLY

     WARNING:  THE RESIDUAL COVARIANCE MATRIX (THETA) IS NOT POSITIVE DEFINITE.
     THIS COULD INDICATE A NEGATIVE VARIANCE/RESIDUAL VARIANCE FOR AN OBSERVED
     VARIABLE, A CORRELATION GREATER OR EQUAL TO ONE BETWEEN TWO OBSERVED
     VARIABLES, OR A LINEAR DEPENDENCY AMONG MORE THAN TWO OBSERVED VARIABLES.
     CHECK THE RESULTS SECTION FOR MORE INFORMATION.



TESTS OF MODEL FIT

Chi-Square Test of Model Fit

          Value                             79.504
          Degrees of Freedom                   102
          P-Value                           0.9516

Chi-Square Test of Model Fit for the Baseline Model

          Value                           5654.697
          Degrees of Freedom                   132
          P-Value                           0.0000

CFI/TLI

          CFI                                1.000
          TLI                                1.005

Loglikelihood

          H0 Value                      -37566.922
          H1 Value                      -37527.170

Information Criteria

          Number of Free Parameters             66
          Akaike (AIC)                   75265.845
          Bayesian (BIC)                 75635.504
          Sample-Size Adjusted BIC       75425.819
            (n* = (n + 2) / 24)

RMSEA (Root Mean Square Error Of Approximation)

          Estimate                           0.000

SRMR (Standardized Root Mean Square Residual)

          Value for Within                   0.014
          Value for Between                  0.078



MODEL RESULTS

                                                    Two-Tailed
                    Estimate       S.E.  Est./S.E.    P-Value

Within Level

 F1       BY
    X1                 1.000      0.000    999.000    999.000
    X2                 0.971      0.036     27.103      0.000
    X3                 0.937      0.035     26.417      0.000
    X4                 0.984      0.036     27.233      0.000

 F2       BY
    X5                 1.000      0.000    999.000    999.000
    X6                 0.726      0.038     19.263      0.000
    X7                 0.659      0.036     18.308      0.000
    X8                 0.684      0.037     18.678      0.000

 F3       BY
    X9                 1.000      0.000    999.000    999.000
    X10                0.380      0.037     10.297      0.000
    X11                0.316      0.035      8.915      0.000
    X12                0.529      0.045     11.811      0.000

 F2       WITH
    F1                 0.615      0.039     15.785      0.000

 F3       WITH
    F1                 0.231      0.034      6.753      0.000
    F2                 0.493      0.038     12.841      0.000

 Variances
    F1                 1.073      0.064     16.847      0.000
    F2                 0.922      0.064     14.406      0.000
    F3                 0.922      0.087     10.595      0.000

 Residual Variances
    X1                 0.960      0.041     23.240      0.000
    X2                 1.009      0.042     24.024      0.000
    X3                 1.002      0.041     24.476      0.000
    X4                 0.975      0.041     23.658      0.000
    X5                 1.021      0.049     21.046      0.000
    X6                 1.050      0.040     26.185      0.000
    X7                 1.019      0.038     26.808      0.000
    X8                 1.007      0.038     26.594      0.000
    X9                 0.986      0.076     12.939      0.000
    X10                0.969      0.034     28.552      0.000
    X11                1.004      0.034     29.372      0.000
    X12                0.972      0.038     25.469      0.000

Between Level

 BF1      BY
    X1                 1.000      0.000    999.000    999.000
    X2                 1.057      0.058     18.373      0.000
    X3                 0.972      0.055     17.627      0.000
    X4                 1.038      0.056     18.475      0.000

 BF2      BY
    X5                 1.000      0.000    999.000    999.000
    X6                 0.674      0.039     17.309      0.000
    X7                 0.639      0.044     14.575      0.000
    X8                 0.673      0.038     17.602      0.000

 BF3      BY
    X9                 1.000      0.000    999.000    999.000
    X10                0.425      0.039     10.940      0.000
    X11                0.241      0.039      6.263      0.000
    X12                0.682      0.047     14.544      0.000

 BF2      WITH
    BF1                0.203      0.070      2.907      0.004

 BF3      WITH
    BF1                0.322      0.074      4.371      0.000
    BF2                0.335      0.086      3.897      0.000

 Intercepts
    X1                 0.119      0.084      1.425      0.154
    X2                 0.114      0.088      1.300      0.194
    X3                 0.147      0.081      1.804      0.071
    X4                 0.115      0.086      1.332      0.183
    X5                -0.030      0.102     -0.294      0.769
    X6                -0.015      0.071     -0.206      0.837
    X7                -0.025      0.069     -0.357      0.721
    X8                -0.002      0.070     -0.029      0.977
    X9                 0.022      0.094      0.239      0.811
    X10                0.026      0.045      0.576      0.565
    X11               -0.003      0.033     -0.096      0.923
    X12                0.060      0.067      0.903      0.366

 Variances
    BF1                0.357      0.076      4.671      0.000
    BF2                0.558      0.113      4.939      0.000
    BF3                0.475      0.097      4.881      0.000

 Residual Variances
    X1                 0.000      0.010      0.027      0.979
    X2                 0.001      0.009      0.081      0.935
    X3                 0.001      0.007      0.141      0.888
    X4                 0.000      0.010      0.024      0.981
    X5                 0.001      0.012      0.085      0.933
    X6                 0.000      0.008      0.059      0.953
    X7                 0.014      0.010      1.414      0.157
    X8                 0.000      0.011      0.012      0.991
    X9                -0.007      0.016     -0.422      0.673
    X10                0.003      0.007      0.509      0.611
    X11                0.006      0.007      0.848      0.396
    X12                0.008      0.011      0.778      0.437


STANDARDIZED MODEL RESULTS


STDYX Standardization

                                                    Two-Tailed
                    Estimate       S.E.  Est./S.E.    P-Value

Within Level

 F1       BY
    X1                 0.727      0.014     51.088      0.000
    X2                 0.707      0.015     48.117      0.000
    X3                 0.696      0.015     46.367      0.000
    X4                 0.718      0.014     49.868      0.000

 F2       BY
    X5                 0.689      0.018     38.429      0.000
    X6                 0.563      0.020     28.051      0.000
    X7                 0.531      0.021     25.613      0.000
    X8                 0.547      0.020     26.903      0.000

 F3       BY
    X9                 0.695      0.029     24.238      0.000
    X10                0.347      0.027     12.907      0.000
    X11                0.290      0.028     10.537      0.000
    X12                0.458      0.027     17.261      0.000

 F2       WITH
    F1                 0.618      0.023     27.251      0.000

 F3       WITH
    F1                 0.232      0.032      7.221      0.000
    F2                 0.535      0.032     16.747      0.000

 Variances
    F1                 1.000      0.000    999.000    999.000
    F2                 1.000      0.000    999.000    999.000
    F3                 1.000      0.000    999.000    999.000

 Residual Variances
    X1                 0.472      0.021     22.839      0.000
    X2                 0.500      0.021     24.011      0.000
    X3                 0.516      0.021     24.679      0.000
    X4                 0.484      0.021     23.398      0.000
    X5                 0.526      0.025     21.282      0.000
    X6                 0.684      0.023     30.293      0.000
    X7                 0.718      0.022     32.606      0.000
    X8                 0.700      0.022     31.446      0.000
    X9                 0.517      0.040     12.968      0.000
    X10                0.879      0.019     47.058      0.000
    X11                0.916      0.016     57.432      0.000
    X12                0.790      0.024     32.563      0.000

Between Level

 BF1      BY
    X1                 1.000      0.013     74.618      0.000
    X2                 0.999      0.011     88.176      0.000
    X3                 0.998      0.011     92.809      0.000
    X4                 1.000      0.014     73.635      0.000

 BF2      BY
    X5                 0.999      0.011     90.751      0.000
    X6                 0.999      0.017     59.938      0.000
    X7                 0.971      0.021     46.393      0.000
    X8                 1.000      0.023     44.145      0.000

 BF3      BY
    X9                 1.007      0.017     59.996      0.000
    X10                0.980      0.038     25.941      0.000
    X11                0.909      0.099      9.211      0.000
    X12                0.982      0.023     41.867      0.000

 BF2      WITH
    BF1                0.454      0.112      4.039      0.000

 BF3      WITH
    BF1                0.782      0.063     12.513      0.000
    BF2                0.650      0.083      7.830      0.000

 Intercepts
    X1                 0.199      0.142      1.408      0.159
    X2                 0.180      0.140      1.287      0.198
    X3                 0.253      0.143      1.771      0.077
    X4                 0.185      0.141      1.318      0.188
    X5                -0.040      0.136     -0.294      0.769
    X6                -0.029      0.141     -0.206      0.837
    X7                -0.050      0.140     -0.357      0.721
    X8                -0.004      0.140     -0.029      0.977
    X9                 0.033      0.137      0.239      0.811
    X10                0.087      0.152      0.574      0.566
    X11               -0.018      0.182     -0.096      0.923
    X12                0.126      0.140      0.899      0.369

 Variances
    BF1                1.000      0.000    999.000    999.000
    BF2                1.000      0.000    999.000    999.000
    BF3                1.000      0.000    999.000    999.000

 Residual Variances
    X1                 0.001      0.027      0.027      0.979
    X2                 0.002      0.023      0.081      0.935
    X3                 0.003      0.021      0.141      0.888
    X4                 0.001      0.027      0.024      0.981
    X5                 0.002      0.022      0.085      0.933
    X6                 0.002      0.033      0.059      0.953
    X7                 0.057      0.041      1.406      0.160
    X8                 0.001      0.045      0.012      0.991
    X9                -0.014    999.000    999.000    999.000
    X10                0.039      0.074      0.522      0.602
    X11                0.174      0.179      0.971      0.331
    X12                0.036      0.046      0.783      0.434


STDY Standardization

                                                    Two-Tailed
                    Estimate       S.E.  Est./S.E.    P-Value

Within Level

 F1       BY
    X1                 0.727      0.014     51.088      0.000
    X2                 0.707      0.015     48.117      0.000
    X3                 0.696      0.015     46.367      0.000
    X4                 0.718      0.014     49.868      0.000

 F2       BY
    X5                 0.689      0.018     38.429      0.000
    X6                 0.563      0.020     28.051      0.000
    X7                 0.531      0.021     25.613      0.000
    X8                 0.547      0.020     26.903      0.000

 F3       BY
    X9                 0.695      0.029     24.238      0.000
    X10                0.347      0.027     12.907      0.000
    X11                0.290      0.028     10.537      0.000
    X12                0.458      0.027     17.261      0.000

 F2       WITH
    F1                 0.618      0.023     27.251      0.000

 F3       WITH
    F1                 0.232      0.032      7.221      0.000
    F2                 0.535      0.032     16.747      0.000

 Variances
    F1                 1.000      0.000    999.000    999.000
    F2                 1.000      0.000    999.000    999.000
    F3                 1.000      0.000    999.000    999.000

 Residual Variances
    X1                 0.472      0.021     22.839      0.000
    X2                 0.500      0.021     24.011      0.000
    X3                 0.516      0.021     24.679      0.000
    X4                 0.484      0.021     23.398      0.000
    X5                 0.526      0.025     21.282      0.000
    X6                 0.684      0.023     30.293      0.000
    X7                 0.718      0.022     32.606      0.000
    X8                 0.700      0.022     31.446      0.000
    X9                 0.517      0.040     12.968      0.000
    X10                0.879      0.019     47.058      0.000
    X11                0.916      0.016     57.432      0.000
    X12                0.790      0.024     32.563      0.000

Between Level

 BF1      BY
    X1                 1.000      0.013     74.618      0.000
    X2                 0.999      0.011     88.176      0.000
    X3                 0.998      0.011     92.809      0.000
    X4                 1.000      0.014     73.635      0.000

 BF2      BY
    X5                 0.999      0.011     90.751      0.000
    X6                 0.999      0.017     59.938      0.000
    X7                 0.971      0.021     46.393      0.000
    X8                 1.000      0.023     44.145      0.000

 BF3      BY
    X9                 1.007      0.017     59.996      0.000
    X10                0.980      0.038     25.941      0.000
    X11                0.909      0.099      9.211      0.000
    X12                0.982      0.023     41.867      0.000

 BF2      WITH
    BF1                0.454      0.112      4.039      0.000

 BF3      WITH
    BF1                0.782      0.063     12.513      0.000
    BF2                0.650      0.083      7.830      0.000

 Intercepts
    X1                 0.199      0.142      1.408      0.159
    X2                 0.180      0.140      1.287      0.198
    X3                 0.253      0.143      1.771      0.077
    X4                 0.185      0.141      1.318      0.188
    X5                -0.040      0.136     -0.294      0.769
    X6                -0.029      0.141     -0.206      0.837
    X7                -0.050      0.140     -0.357      0.721
    X8                -0.004      0.140     -0.029      0.977
    X9                 0.033      0.137      0.239      0.811
    X10                0.087      0.152      0.574      0.566
    X11               -0.018      0.182     -0.096      0.923
    X12                0.126      0.140      0.899      0.369

 Variances
    BF1                1.000      0.000    999.000    999.000
    BF2                1.000      0.000    999.000    999.000
    BF3                1.000      0.000    999.000    999.000

 Residual Variances
    X1                 0.001      0.027      0.027      0.979
    X2                 0.002      0.023      0.081      0.935
    X3                 0.003      0.021      0.141      0.888
    X4                 0.001      0.027      0.024      0.981
    X5                 0.002      0.022      0.085      0.933
    X6                 0.002      0.033      0.059      0.953
    X7                 0.057      0.041      1.406      0.160
    X8                 0.001      0.045      0.012      0.991
    X9               999.000    999.000    999.000    999.000
    X10                0.039      0.074      0.522      0.602
    X11                0.174      0.179      0.971      0.331
    X12                0.036      0.046      0.783      0.434


STD Standardization

                                                    Two-Tailed
                    Estimate       S.E.  Est./S.E.    P-Value

Within Level

 F1       BY
    X1                 1.036      0.031     33.695      0.000
    X2                 1.005      0.031     32.512      0.000
    X3                 0.970      0.031     31.803      0.000
    X4                 1.019      0.031     33.171      0.000

 F2       BY
    X5                 0.960      0.033     28.811      0.000
    X6                 0.697      0.030     23.068      0.000
    X7                 0.633      0.029     21.557      0.000
    X8                 0.656      0.029     22.360      0.000

 F3       BY
    X9                 0.960      0.045     21.190      0.000
    X10                0.365      0.030     12.201      0.000
    X11                0.303      0.030     10.131      0.000
    X12                0.508      0.032     15.770      0.000

 F2       WITH
    F1                 0.618      0.023     27.251      0.000

 F3       WITH
    F1                 0.232      0.032      7.221      0.000
    F2                 0.535      0.032     16.747      0.000

 Variances
    F1                 1.000      0.000    999.000    999.000
    F2                 1.000      0.000    999.000    999.000
    F3                 1.000      0.000    999.000    999.000

 Residual Variances
    X1                 0.960      0.041     23.240      0.000
    X2                 1.009      0.042     24.024      0.000
    X3                 1.002      0.041     24.476      0.000
    X4                 0.975      0.041     23.658      0.000
    X5                 1.021      0.049     21.046      0.000
    X6                 1.050      0.040     26.185      0.000
    X7                 1.019      0.038     26.808      0.000
    X8                 1.007      0.038     26.594      0.000
    X9                 0.986      0.076     12.939      0.000
    X10                0.969      0.034     28.552      0.000
    X11                1.004      0.034     29.372      0.000
    X12                0.972      0.038     25.469      0.000

Between Level

 BF1      BY
    X1                 0.598      0.064      9.341      0.000
    X2                 0.631      0.067      9.455      0.000
    X3                 0.581      0.063      9.283      0.000
    X4                 0.620      0.066      9.428      0.000

 BF2      BY
    X5                 0.747      0.076      9.877      0.000
    X6                 0.504      0.054      9.304      0.000
    X7                 0.478      0.054      8.849      0.000
    X8                 0.503      0.054      9.390      0.000

 BF3      BY
    X9                 0.689      0.071      9.761      0.000
    X10                0.293      0.037      7.818      0.000
    X11                0.166      0.031      5.363      0.000
    X12                0.470      0.052      9.012      0.000

 BF2      WITH
    BF1                0.454      0.112      4.039      0.000

 BF3      WITH
    BF1                0.782      0.063     12.513      0.000
    BF2                0.650      0.083      7.830      0.000

 Intercepts
    X1                 0.119      0.084      1.425      0.154
    X2                 0.114      0.088      1.300      0.194
    X3                 0.147      0.081      1.804      0.071
    X4                 0.115      0.086      1.332      0.183
    X5                -0.030      0.102     -0.294      0.769
    X6                -0.015      0.071     -0.206      0.837
    X7                -0.025      0.069     -0.357      0.721
    X8                -0.002      0.070     -0.029      0.977
    X9                 0.022      0.094      0.239      0.811
    X10                0.026      0.045      0.576      0.565
    X11               -0.003      0.033     -0.096      0.923
    X12                0.060      0.067      0.903      0.366

 Variances
    BF1                1.000      0.000    999.000    999.000
    BF2                1.000      0.000    999.000    999.000
    BF3                1.000      0.000    999.000    999.000

 Residual Variances
    X1                 0.000      0.010      0.027      0.979
    X2                 0.001      0.009      0.081      0.935
    X3                 0.001      0.007      0.141      0.888
    X4                 0.000      0.010      0.024      0.981
    X5                 0.001      0.012      0.085      0.933
    X6                 0.000      0.008      0.059      0.953
    X7                 0.014      0.010      1.414      0.157
    X8                 0.000      0.011      0.012      0.991
    X9                -0.007    999.000    999.000    999.000
    X10                0.003      0.007      0.509      0.611
    X11                0.006      0.007      0.848      0.396
    X12                0.008      0.011      0.778      0.437


R-SQUARE

Within Level

    Observed                                        Two-Tailed
    Variable        Estimate       S.E.  Est./S.E.    P-Value

    X1                 0.528      0.021     25.544      0.000
    X2                 0.500      0.021     24.058      0.000
    X3                 0.484      0.021     23.183      0.000
    X4                 0.516      0.021     24.934      0.000
    X5                 0.474      0.025     19.214      0.000
    X6                 0.316      0.023     14.025      0.000
    X7                 0.282      0.022     12.806      0.000
    X8                 0.300      0.022     13.452      0.000
    X9                 0.483      0.040     12.119      0.000
    X10                0.121      0.019      6.453      0.000
    X11                0.084      0.016      5.268      0.000
    X12                0.210      0.024      8.630      0.000

Between Level

    Observed                                        Two-Tailed
    Variable        Estimate       S.E.  Est./S.E.    P-Value

    X1                 0.999      0.027     37.309      0.000
    X2                 0.998      0.023     44.088      0.000
    X3                 0.997      0.021     46.405      0.000
    X4                 0.999      0.027     36.817      0.000
    X5                 0.998      0.022     45.376      0.000
    X6                 0.998      0.033     29.969      0.000
    X7                 0.943      0.041     23.197      0.000
    X8                 0.999      0.045     22.072      0.000
    X9              Undefined   0.10142E+01
    X10                0.961      0.074     12.971      0.000
    X11                0.826      0.179      4.606      0.000
    X12                0.964      0.046     20.933      0.000


QUALITY OF NUMERICAL RESULTS

     Condition Number for the Information Matrix             -0.452E-17
       (ratio of smallest to largest eigenvalue)


TECHNICAL 1 OUTPUT


     PARAMETER SPECIFICATION FOR WITHIN


           NU
              X1            X2            X3            X4            X5
              ________      ________      ________      ________      ________
 1                  0             0             0             0             0


           NU
              X6            X7            X8            X9            X10
              ________      ________      ________      ________      ________
 1                  0             0             0             0             0


           NU
              X11           X12
              ________      ________
 1                  0             0


           LAMBDA
              F1            F2            F3            BF1           BF2
              ________      ________      ________      ________      ________
 X1                 0             0             0             0             0
 X2                 1             0             0             0             0
 X3                 2             0             0             0             0
 X4                 3             0             0             0             0
 X5                 0             0             0             0             0
 X6                 0             4             0             0             0
 X7                 0             5             0             0             0
 X8                 0             6             0             0             0
 X9                 0             0             0             0             0
 X10                0             0             7             0             0
 X11                0             0             8             0             0
 X12                0             0             9             0             0


           LAMBDA
              BF3
              ________
 X1                 0
 X2                 0
 X3                 0
 X4                 0
 X5                 0
 X6                 0
 X7                 0
 X8                 0
 X9                 0
 X10                0
 X11                0
 X12                0


           THETA
              X1            X2            X3            X4            X5
              ________      ________      ________      ________      ________
 X1                10
 X2                 0            11
 X3                 0             0            12
 X4                 0             0             0            13
 X5                 0             0             0             0            14
 X6                 0             0             0             0             0
 X7                 0             0             0             0             0
 X8                 0             0             0             0             0
 X9                 0             0             0             0             0
 X10                0             0             0             0             0
 X11                0             0             0             0             0
 X12                0             0             0             0             0


           THETA
              X6            X7            X8            X9            X10
              ________      ________      ________      ________      ________
 X6                15
 X7                 0            16
 X8                 0             0            17
 X9                 0             0             0            18
 X10                0             0             0             0            19
 X11                0             0             0             0             0
 X12                0             0             0             0             0


           THETA
              X11           X12
              ________      ________
 X11               20
 X12                0            21


           ALPHA
              F1            F2            F3            BF1           BF2
              ________      ________      ________      ________      ________
 1                  0             0             0             0             0


           ALPHA
              BF3
              ________
 1                  0


           BETA
              F1            F2            F3            BF1           BF2
              ________      ________      ________      ________      ________
 F1                 0             0             0             0             0
 F2                 0             0             0             0             0
 F3                 0             0             0             0             0
 BF1                0             0             0             0             0
 BF2                0             0             0             0             0
 BF3                0             0             0             0             0


           BETA
              BF3
              ________
 F1                 0
 F2                 0
 F3                 0
 BF1                0
 BF2                0
 BF3                0


           PSI
              F1            F2            F3            BF1           BF2
              ________      ________      ________      ________      ________
 F1                22
 F2                23            24
 F3                25            26            27
 BF1                0             0             0             0
 BF2                0             0             0             0             0
 BF3                0             0             0             0             0


           PSI
              BF3
              ________
 BF3                0


     PARAMETER SPECIFICATION FOR BETWEEN


           NU
              X1            X2            X3            X4            X5
              ________      ________      ________      ________      ________
 1                 28            29            30            31            32


           NU
              X6            X7            X8            X9            X10
              ________      ________      ________      ________      ________
 1                 33            34            35            36            37


           NU
              X11           X12
              ________      ________
 1                 38            39


           LAMBDA
              F1            F2            F3            BF1           BF2
              ________      ________      ________      ________      ________
 X1                 0             0             0             0             0
 X2                 0             0             0            40             0
 X3                 0             0             0            41             0
 X4                 0             0             0            42             0
 X5                 0             0             0             0             0
 X6                 0             0             0             0            43
 X7                 0             0             0             0            44
 X8                 0             0             0             0            45
 X9                 0             0             0             0             0
 X10                0             0             0             0             0
 X11                0             0             0             0             0
 X12                0             0             0             0             0


           LAMBDA
              BF3
              ________
 X1                 0
 X2                 0
 X3                 0
 X4                 0
 X5                 0
 X6                 0
 X7                 0
 X8                 0
 X9                 0
 X10               46
 X11               47
 X12               48


           THETA
              X1            X2            X3            X4            X5
              ________      ________      ________      ________      ________
 X1                49
 X2                 0            50
 X3                 0             0            51
 X4                 0             0             0            52
 X5                 0             0             0             0            53
 X6                 0             0             0             0             0
 X7                 0             0             0             0             0
 X8                 0             0             0             0             0
 X9                 0             0             0             0             0
 X10                0             0             0             0             0
 X11                0             0             0             0             0
 X12                0             0             0             0             0


           THETA
              X6            X7            X8            X9            X10
              ________      ________      ________      ________      ________
 X6                54
 X7                 0            55
 X8                 0             0            56
 X9                 0             0             0            57
 X10                0             0             0             0            58
 X11                0             0             0             0             0
 X12                0             0             0             0             0


           THETA
              X11           X12
              ________      ________
 X11               59
 X12                0            60


           ALPHA
              F1            F2            F3            BF1           BF2
              ________      ________      ________      ________      ________
 1                  0             0             0             0             0


           ALPHA
              BF3
              ________
 1                  0


           BETA
              F1            F2            F3            BF1           BF2
              ________      ________      ________      ________      ________
 F1                 0             0             0             0             0
 F2                 0             0             0             0             0
 F3                 0             0             0             0             0
 BF1                0             0             0             0             0
 BF2                0             0             0             0             0
 BF3                0             0             0             0             0


           BETA
              BF3
              ________
 F1                 0
 F2                 0
 F3                 0
 BF1                0
 BF2                0
 BF3                0


           PSI
              F1            F2            F3            BF1           BF2
              ________      ________      ________      ________      ________
 F1                 0
 F2                 0             0
 F3                 0             0             0
 BF1                0             0             0            61
 BF2                0             0             0            62            63
 BF3                0             0             0            64            65


           PSI
              BF3
              ________
 BF3               66


     STARTING VALUES FOR WITHIN


           NU
              X1            X2            X3            X4            X5
              ________      ________      ________      ________      ________
 1              0.000         0.000         0.000         0.000         0.000


           NU
              X6            X7            X8            X9            X10
              ________      ________      ________      ________      ________
 1              0.000         0.000         0.000         0.000         0.000


           NU
              X11           X12
              ________      ________
 1              0.000         0.000


           LAMBDA
              F1            F2            F3            BF1           BF2
              ________      ________      ________      ________      ________
 X1             1.000         0.000         0.000         0.000         0.000
 X2             1.000         0.000         0.000         0.000         0.000
 X3             1.000         0.000         0.000         0.000         0.000
 X4             1.000         0.000         0.000         0.000         0.000
 X5             0.000         1.000         0.000         0.000         0.000
 X6             0.000         1.000         0.000         0.000         0.000
 X7             0.000         1.000         0.000         0.000         0.000
 X8             0.000         1.000         0.000         0.000         0.000
 X9             0.000         0.000         1.000         0.000         0.000
 X10            0.000         0.000         1.000         0.000         0.000
 X11            0.000         0.000         1.000         0.000         0.000
 X12            0.000         0.000         1.000         0.000         0.000


           LAMBDA
              BF3
              ________
 X1             0.000
 X2             0.000
 X3             0.000
 X4             0.000
 X5             0.000
 X6             0.000
 X7             0.000
 X8             0.000
 X9             0.000
 X10            0.000
 X11            0.000
 X12            0.000


           THETA
              X1            X2            X3            X4            X5
              ________      ________      ________      ________      ________
 X1             1.192
 X2             0.000         1.206
 X3             0.000         0.000         1.138
 X4             0.000         0.000         0.000         1.197
 X5             0.000         0.000         0.000         0.000         1.258
 X6             0.000         0.000         0.000         0.000         0.000
 X7             0.000         0.000         0.000         0.000         0.000
 X8             0.000         0.000         0.000         0.000         0.000
 X9             0.000         0.000         0.000         0.000         0.000
 X10            0.000         0.000         0.000         0.000         0.000
 X11            0.000         0.000         0.000         0.000         0.000
 X12            0.000         0.000         0.000         0.000         0.000


           THETA
              X6            X7            X8            X9            X10
              ________      ________      ________      ________      ________
 X6             0.898
 X7             0.000         0.834
 X8             0.000         0.000         0.849
 X9             0.000         0.000         0.000         1.179
 X10            0.000         0.000         0.000         0.000         0.594
 X11            0.000         0.000         0.000         0.000         0.000
 X12            0.000         0.000         0.000         0.000         0.000


           THETA
              X11           X12
              ________      ________
 X11            0.565
 X12            0.000         0.724


           ALPHA
              F1            F2            F3            BF1           BF2
              ________      ________      ________      ________      ________
 1              0.000         0.000         0.000         0.000         0.000


           ALPHA
              BF3
              ________
 1              0.000


           BETA
              F1            F2            F3            BF1           BF2
              ________      ________      ________      ________      ________
 F1             0.000         0.000         0.000         0.000         0.000
 F2             0.000         0.000         0.000         0.000         0.000
 F3             0.000         0.000         0.000         0.000         0.000
 BF1            0.000         0.000         0.000         0.000         0.000
 BF2            0.000         0.000         0.000         0.000         0.000
 BF3            0.000         0.000         0.000         0.000         0.000


           BETA
              BF3
              ________
 F1             0.000
 F2             0.000
 F3             0.000
 BF1            0.000
 BF2            0.000
 BF3            0.000


           PSI
              F1            F2            F3            BF1           BF2
              ________      ________      ________      ________      ________
 F1             0.050
 F2             0.000         0.050
 F3             0.000         0.000         0.050
 BF1            0.000         0.000         0.000         0.000
 BF2            0.000         0.000         0.000         0.000         0.000
 BF3            0.000         0.000         0.000         0.000         0.000


           PSI
              BF3
              ________
 BF3            0.000


     STARTING VALUES FOR BETWEEN


           NU
              X1            X2            X3            X4            X5
              ________      ________      ________      ________      ________
 1              0.133         0.129         0.160         0.129         0.007


           NU
              X6            X7            X8            X9            X10
              ________      ________      ________      ________      ________
 1              0.011         0.000         0.023         0.037         0.032


           NU
              X11           X12
              ________      ________
 1              0.000         0.070


           LAMBDA
              F1            F2            F3            BF1           BF2
              ________      ________      ________      ________      ________
 X1             0.000         0.000         0.000         1.000         0.000
 X2             0.000         0.000         0.000         1.000         0.000
 X3             0.000         0.000         0.000         1.000         0.000
 X4             0.000         0.000         0.000         1.000         0.000
 X5             0.000         0.000         0.000         0.000         1.000
 X6             0.000         0.000         0.000         0.000         1.000
 X7             0.000         0.000         0.000         0.000         1.000
 X8             0.000         0.000         0.000         0.000         1.000
 X9             0.000         0.000         0.000         0.000         0.000
 X10            0.000         0.000         0.000         0.000         0.000
 X11            0.000         0.000         0.000         0.000         0.000
 X12            0.000         0.000         0.000         0.000         0.000


           LAMBDA
              BF3
              ________
 X1             0.000
 X2             0.000
 X3             0.000
 X4             0.000
 X5             0.000
 X6             0.000
 X7             0.000
 X8             0.000
 X9             1.000
 X10            1.000
 X11            1.000
 X12            1.000


           THETA
              X1            X2            X3            X4            X5
              ________      ________      ________      ________      ________
 X1             1.192
 X2             0.000         1.206
 X3             0.000         0.000         1.138
 X4             0.000         0.000         0.000         1.197
 X5             0.000         0.000         0.000         0.000         1.258
 X6             0.000         0.000         0.000         0.000         0.000
 X7             0.000         0.000         0.000         0.000         0.000
 X8             0.000         0.000         0.000         0.000         0.000
 X9             0.000         0.000         0.000         0.000         0.000
 X10            0.000         0.000         0.000         0.000         0.000
 X11            0.000         0.000         0.000         0.000         0.000
 X12            0.000         0.000         0.000         0.000         0.000


           THETA
              X6            X7            X8            X9            X10
              ________      ________      ________      ________      ________
 X6             0.898
 X7             0.000         0.834
 X8             0.000         0.000         0.849
 X9             0.000         0.000         0.000         1.179
 X10            0.000         0.000         0.000         0.000         0.594
 X11            0.000         0.000         0.000         0.000         0.000
 X12            0.000         0.000         0.000         0.000         0.000


           THETA
              X11           X12
              ________      ________
 X11            0.565
 X12            0.000         0.724


           ALPHA
              F1            F2            F3            BF1           BF2
              ________      ________      ________      ________      ________
 1              0.000         0.000         0.000         0.000         0.000


           ALPHA
              BF3
              ________
 1              0.000


           BETA
              F1            F2            F3            BF1           BF2
              ________      ________      ________      ________      ________
 F1             0.000         0.000         0.000         0.000         0.000
 F2             0.000         0.000         0.000         0.000         0.000
 F3             0.000         0.000         0.000         0.000         0.000
 BF1            0.000         0.000         0.000         0.000         0.000
 BF2            0.000         0.000         0.000         0.000         0.000
 BF3            0.000         0.000         0.000         0.000         0.000


           BETA
              BF3
              ________
 F1             0.000
 F2             0.000
 F3             0.000
 BF1            0.000
 BF2            0.000
 BF3            0.000


           PSI
              F1            F2            F3            BF1           BF2
              ________      ________      ________      ________      ________
 F1             0.000
 F2             0.000         0.000
 F3             0.000         0.000         0.000
 BF1            0.000         0.000         0.000         0.050
 BF2            0.000         0.000         0.000         0.000         0.050
 BF3            0.000         0.000         0.000         0.000         0.000


           PSI
              BF3
              ________
 BF3            0.050


     Beginning Time:  17:41:10
        Ending Time:  17:41:13
       Elapsed Time:  00:00:03



MUTHEN & MUTHEN
3463 Stoner Ave.
Los Angeles, CA  90066

Tel: (310) 391-9971
Fax: (310) 391-8971
Web: www.StatModel.com
Support: Support@StatModel.com

Copyright (c) 1998-2010 Muthen & Muthen
